This is pdfTeX, Version 3.141592653-2.6-1.40.22 (TeX Live 2021/W32TeX) (preloaded format=pdflatex 2021.5.31)  2 JUN 2021 04:02
entering extended mode
 restricted \write18 enabled.
 %&-line parsing enabled.
**compualgo.tex
(./compualgo.tex
LaTeX2e <2020-10-01> patch level 4
L3 programming layer <2021-05-27> (c:/Users/j/AppData/Roaming/TinyTeX/texmf-dis
t/tex/latex/base/article.cls
Document Class: article 2020/04/10 v1.4m Standard LaTeX document class
(c:/Users/j/AppData/Roaming/TinyTeX/texmf-dist/tex/latex/base/size10.clo
File: size10.clo 2020/04/10 v1.4m Standard LaTeX file (size option)
)
\c@part=\count181
\c@section=\count182
\c@subsection=\count183
\c@subsubsection=\count184
\c@paragraph=\count185
\c@subparagraph=\count186
\c@figure=\count187
\c@table=\count188
\abovecaptionskip=\skip47
\belowcaptionskip=\skip48
\bibindent=\dimen138
) (c:/Users/j/AppData/Roaming/TinyTeX/texmf-dist/tex/latex/lm/lmodern.sty
Package: lmodern 2015/05/01 v1.6.1 Latin Modern Fonts
LaTeX Font Info:    Overwriting symbol font `operators' in version `normal'
(Font)                  OT1/cmr/m/n --> OT1/lmr/m/n on input line 22.
LaTeX Font Info:    Overwriting symbol font `letters' in version `normal'
(Font)                  OML/cmm/m/it --> OML/lmm/m/it on input line 23.
LaTeX Font Info:    Overwriting symbol font `symbols' in version `normal'
(Font)                  OMS/cmsy/m/n --> OMS/lmsy/m/n on input line 24.
LaTeX Font Info:    Overwriting symbol font `largesymbols' in version `normal'
(Font)                  OMX/cmex/m/n --> OMX/lmex/m/n on input line 25.
LaTeX Font Info:    Overwriting symbol font `operators' in version `bold'
(Font)                  OT1/cmr/bx/n --> OT1/lmr/bx/n on input line 26.
LaTeX Font Info:    Overwriting symbol font `letters' in version `bold'
(Font)                  OML/cmm/b/it --> OML/lmm/b/it on input line 27.
LaTeX Font Info:    Overwriting symbol font `symbols' in version `bold'
(Font)                  OMS/cmsy/b/n --> OMS/lmsy/b/n on input line 28.
LaTeX Font Info:    Overwriting symbol font `largesymbols' in version `bold'
(Font)                  OMX/cmex/m/n --> OMX/lmex/m/n on input line 29.
LaTeX Font Info:    Overwriting math alphabet `\mathbf' in version `normal'
(Font)                  OT1/cmr/bx/n --> OT1/lmr/bx/n on input line 31.
LaTeX Font Info:    Overwriting math alphabet `\mathsf' in version `normal'
(Font)                  OT1/cmss/m/n --> OT1/lmss/m/n on input line 32.
LaTeX Font Info:    Overwriting math alphabet `\mathit' in version `normal'
(Font)                  OT1/cmr/m/it --> OT1/lmr/m/it on input line 33.
LaTeX Font Info:    Overwriting math alphabet `\mathtt' in version `normal'
(Font)                  OT1/cmtt/m/n --> OT1/lmtt/m/n on input line 34.
LaTeX Font Info:    Overwriting math alphabet `\mathbf' in version `bold'
(Font)                  OT1/cmr/bx/n --> OT1/lmr/bx/n on input line 35.
LaTeX Font Info:    Overwriting math alphabet `\mathsf' in version `bold'
(Font)                  OT1/cmss/bx/n --> OT1/lmss/bx/n on input line 36.
LaTeX Font Info:    Overwriting math alphabet `\mathit' in version `bold'
(Font)                  OT1/cmr/bx/it --> OT1/lmr/bx/it on input line 37.
LaTeX Font Info:    Overwriting math alphabet `\mathtt' in version `bold'
(Font)                  OT1/cmtt/m/n --> OT1/lmtt/m/n on input line 38.
) (c:/Users/j/AppData/Roaming/TinyTeX/texmf-dist/tex/latex/amsfonts/amssymb.sty
Package: amssymb 2013/01/14 v3.01 AMS font symbols
(c:/Users/j/AppData/Roaming/TinyTeX/texmf-dist/tex/latex/amsfonts/amsfonts.sty
Package: amsfonts 2013/01/14 v3.01 Basic AMSFonts support
\@emptytoks=\toks15
\symAMSa=\mathgroup4
\symAMSb=\mathgroup5
LaTeX Font Info:    Redeclaring math symbol \hbar on input line 98.
LaTeX Font Info:    Overwriting math alphabet `\mathfrak' in version `bold'
(Font)                  U/euf/m/n --> U/euf/b/n on input line 106.
)) (c:/Users/j/AppData/Roaming/TinyTeX/texmf-dist/tex/latex/amsmath/amsmath.sty
Package: amsmath 2020/09/23 v2.17i AMS math features
\@mathmargin=\skip49
For additional information on amsmath, use the `?' option.
(c:/Users/j/AppData/Roaming/TinyTeX/texmf-dist/tex/latex/amsmath/amstext.sty
Package: amstext 2000/06/29 v2.01 AMS text
(c:/Users/j/AppData/Roaming/TinyTeX/texmf-dist/tex/latex/amsmath/amsgen.sty
File: amsgen.sty 1999/11/30 v2.0 generic functions
\@emptytoks=\toks16
\ex@=\dimen139
)) (c:/Users/j/AppData/Roaming/TinyTeX/texmf-dist/tex/latex/amsmath/amsbsy.sty
Package: amsbsy 1999/11/29 v1.2d Bold Symbols
\pmbraise@=\dimen140
) (c:/Users/j/AppData/Roaming/TinyTeX/texmf-dist/tex/latex/amsmath/amsopn.sty
Package: amsopn 2016/03/08 v2.02 operator names
)
\inf@bad=\count189
LaTeX Info: Redefining \frac on input line 234.
\uproot@=\count190
\leftroot@=\count191
LaTeX Info: Redefining \overline on input line 399.
\classnum@=\count192
\DOTSCASE@=\count193
LaTeX Info: Redefining \ldots on input line 496.
LaTeX Info: Redefining \dots on input line 499.
LaTeX Info: Redefining \cdots on input line 620.
\Mathstrutbox@=\box47
\strutbox@=\box48
\big@size=\dimen141
LaTeX Font Info:    Redeclaring font encoding OML on input line 743.
LaTeX Font Info:    Redeclaring font encoding OMS on input line 744.
\macc@depth=\count194
\c@MaxMatrixCols=\count195
\dotsspace@=\muskip16
\c@parentequation=\count196
\dspbrk@lvl=\count197
\tag@help=\toks17
\row@=\count198
\column@=\count199
\maxfields@=\count266
\andhelp@=\toks18
\eqnshift@=\dimen142
\alignsep@=\dimen143
\tagshift@=\dimen144
\tagwidth@=\dimen145
\totwidth@=\dimen146
\lineht@=\dimen147
\@envbody=\toks19
\multlinegap=\skip50
\multlinetaggap=\skip51
\mathdisplay@stack=\toks20
LaTeX Info: Redefining \[ on input line 2923.
LaTeX Info: Redefining \] on input line 2924.
) (c:/Users/j/AppData/Roaming/TinyTeX/texmf-dist/tex/generic/iftex/ifxetex.sty
Package: ifxetex 2019/10/25 v0.7 ifxetex legacy package. Use iftex instead.
(c:/Users/j/AppData/Roaming/TinyTeX/texmf-dist/tex/generic/iftex/iftex.sty
Package: iftex 2020/03/06 v1.0d TeX engine tests
)) (c:/Users/j/AppData/Roaming/TinyTeX/texmf-dist/tex/generic/iftex/ifluatex.st
y
Package: ifluatex 2019/10/25 v1.5 ifluatex legacy package. Use iftex instead.
) (c:/Users/j/AppData/Roaming/TinyTeX/texmf-dist/tex/latex/base/fontenc.sty
Package: fontenc 2020/08/10 v2.0s Standard LaTeX package
LaTeX Font Info:    Trying to load font information for T1+lmr on input line 11
2.
(c:/Users/j/AppData/Roaming/TinyTeX/texmf-dist/tex/latex/lm/t1lmr.fd
File: t1lmr.fd 2015/05/01 v1.6.1 Font defs for Latin Modern
)) (c:/Users/j/AppData/Roaming/TinyTeX/texmf-dist/tex/latex/base/inputenc.sty
Package: inputenc 2020/08/01 v1.3d Input encoding file
\inpenc@prehook=\toks21
\inpenc@posthook=\toks22
) (c:/Users/j/AppData/Roaming/TinyTeX/texmf-dist/tex/latex/base/textcomp.sty
Package: textcomp 2020/02/02 v2.0n Standard LaTeX package
)
(c:/Users/j/AppData/Roaming/TinyTeX/texmf-dist/tex/latex/microtype/microtype.st
y
Package: microtype 2021/03/14 v2.8c Micro-typographical refinements (RS)
(c:/Users/j/AppData/Roaming/TinyTeX/texmf-dist/tex/latex/graphics/keyval.sty
Package: keyval 2014/10/28 v1.15 key=value parser (DPC)
\KV@toks@=\toks23
)
\MT@toks=\toks24
\MT@count=\count267
LaTeX Info: Redefining \textls on input line 790.
\MT@outer@kern=\dimen148
LaTeX Info: Redefining \textmicrotypecontext on input line 1374.
\MT@listname@count=\count268

(c:/Users/j/AppData/Roaming/TinyTeX/texmf-dist/tex/latex/microtype/microtype-pd
ftex.def
File: microtype-pdftex.def 2021/03/14 v2.8c Definitions specific to pdftex (RS)

LaTeX Info: Redefining \lsstyle on input line 915.
LaTeX Info: Redefining \lslig on input line 915.
\MT@outer@space=\skip52
)
Package microtype Info: Loading configuration file microtype.cfg.

(c:/Users/j/AppData/Roaming/TinyTeX/texmf-dist/tex/latex/microtype/microtype.cf
g
File: microtype.cfg 2021/03/14 v2.8c microtype main configuration file (RS)
)) (c:/Users/j/AppData/Roaming/TinyTeX/texmf-dist/tex/latex/xcolor/xcolor.sty
Package: xcolor 2016/05/11 v2.12 LaTeX color extensions (UK)

(c:/Users/j/AppData/Roaming/TinyTeX/texmf-dist/tex/latex/graphics-cfg/color.cfg
File: color.cfg 2016/01/02 v1.6 sample color configuration
)
Package xcolor Info: Driver file: pdftex.def on input line 225.

(c:/Users/j/AppData/Roaming/TinyTeX/texmf-dist/tex/latex/graphics-def/pdftex.de
f
File: pdftex.def 2020/10/05 v1.2a Graphics/color driver for pdftex
)
Package xcolor Info: Model `cmy' substituted by `cmy0' on input line 1348.
Package xcolor Info: Model `hsb' substituted by `rgb' on input line 1352.
Package xcolor Info: Model `RGB' extended on input line 1364.
Package xcolor Info: Model `HTML' substituted by `rgb' on input line 1366.
Package xcolor Info: Model `Hsb' substituted by `hsb' on input line 1367.
Package xcolor Info: Model `tHsb' substituted by `hsb' on input line 1368.
Package xcolor Info: Model `HSB' substituted by `hsb' on input line 1369.
Package xcolor Info: Model `Gray' substituted by `gray' on input line 1370.
Package xcolor Info: Model `wave' substituted by `hsb' on input line 1371.
) (c:/Users/j/AppData/Roaming/TinyTeX/texmf-dist/tex/latex/hyperref/hyperref.st
y
Package: hyperref 2021-02-27 v7.00k Hypertext links for LaTeX
(c:/Users/j/AppData/Roaming/TinyTeX/texmf-dist/tex/generic/ltxcmds/ltxcmds.sty
Package: ltxcmds 2020-05-10 v1.25 LaTeX kernel commands for general use (HO)
)
(c:/Users/j/AppData/Roaming/TinyTeX/texmf-dist/tex/generic/pdftexcmds/pdftexcmd
s.sty
Package: pdftexcmds 2020-06-27 v0.33 Utility functions of pdfTeX for LuaTeX (HO
)

(c:/Users/j/AppData/Roaming/TinyTeX/texmf-dist/tex/generic/infwarerr/infwarerr.
sty
Package: infwarerr 2019/12/03 v1.5 Providing info/warning/error messages (HO)
)
Package pdftexcmds Info: \pdf@primitive is available.
Package pdftexcmds Info: \pdf@ifprimitive is available.
Package pdftexcmds Info: \pdfdraftmode found.
)
(c:/Users/j/AppData/Roaming/TinyTeX/texmf-dist/tex/generic/kvsetkeys/kvsetkeys.
sty
Package: kvsetkeys 2019/12/15 v1.18 Key value parser (HO)
)
(c:/Users/j/AppData/Roaming/TinyTeX/texmf-dist/tex/generic/kvdefinekeys/kvdefin
ekeys.sty
Package: kvdefinekeys 2019-12-19 v1.6 Define keys (HO)
)
(c:/Users/j/AppData/Roaming/TinyTeX/texmf-dist/tex/generic/pdfescape/pdfescape.
sty
Package: pdfescape 2019/12/09 v1.15 Implements pdfTeX's escape features (HO)
) (c:/Users/j/AppData/Roaming/TinyTeX/texmf-dist/tex/latex/hycolor/hycolor.sty
Package: hycolor 2020-01-27 v1.10 Color options for hyperref/bookmark (HO)
)
(c:/Users/j/AppData/Roaming/TinyTeX/texmf-dist/tex/latex/letltxmacro/letltxmacr
o.sty
Package: letltxmacro 2019/12/03 v1.6 Let assignment for LaTeX macros (HO)
) (c:/Users/j/AppData/Roaming/TinyTeX/texmf-dist/tex/latex/auxhook/auxhook.sty
Package: auxhook 2019-12-17 v1.6 Hooks for auxiliary files (HO)
)
(c:/Users/j/AppData/Roaming/TinyTeX/texmf-dist/tex/latex/kvoptions/kvoptions.st
y
Package: kvoptions 2020-10-07 v3.14 Key value format for package options (HO)
)
\@linkdim=\dimen149
\Hy@linkcounter=\count269
\Hy@pagecounter=\count270
(c:/Users/j/AppData/Roaming/TinyTeX/texmf-dist/tex/latex/hyperref/pd1enc.def
File: pd1enc.def 2021-02-27 v7.00k Hyperref: PDFDocEncoding definition (HO)
Now handling font encoding PD1 ...
... no UTF-8 mapping file for font encoding PD1
)
(c:/Users/j/AppData/Roaming/TinyTeX/texmf-dist/tex/latex/hyperref/hyperref-lang
patches.def
File: hyperref-langpatches.def 2021-02-27 v7.00k Hyperref: patches for babel la
nguages
) (c:/Users/j/AppData/Roaming/TinyTeX/texmf-dist/tex/generic/intcalc/intcalc.st
y
Package: intcalc 2019/12/15 v1.3 Expandable calculations with integers (HO)
)
(c:/Users/j/AppData/Roaming/TinyTeX/texmf-dist/tex/generic/etexcmds/etexcmds.st
y
Package: etexcmds 2019/12/15 v1.7 Avoid name clashes with e-TeX commands (HO)
)
\Hy@SavedSpaceFactor=\count271
(c:/Users/j/AppData/Roaming/TinyTeX/texmf-dist/tex/latex/hyperref/puenc.def
File: puenc.def 2021-02-27 v7.00k Hyperref: PDF Unicode definition (HO)
Now handling font encoding PU ...
... no UTF-8 mapping file for font encoding PU
)
Package hyperref Info: Option `unicode' set `true' on input line 4073.
Package hyperref Info: Hyper figures OFF on input line 4192.
Package hyperref Info: Link nesting OFF on input line 4197.
Package hyperref Info: Hyper index ON on input line 4200.
Package hyperref Info: Plain pages OFF on input line 4207.
Package hyperref Info: Backreferencing OFF on input line 4212.
Package hyperref Info: Implicit mode ON; LaTeX internals redefined.
Package hyperref Info: Bookmarks ON on input line 4445.
\c@Hy@tempcnt=\count272
(c:/Users/j/AppData/Roaming/TinyTeX/texmf-dist/tex/latex/url/url.sty
\Urlmuskip=\muskip17
Package: url 2013/09/16  ver 3.4  Verb mode for urls, etc.
)
LaTeX Info: Redefining \url on input line 4804.
\XeTeXLinkMargin=\dimen150
(c:/Users/j/AppData/Roaming/TinyTeX/texmf-dist/tex/generic/bitset/bitset.sty
Package: bitset 2019/12/09 v1.3 Handle bit-vector datatype (HO)

(c:/Users/j/AppData/Roaming/TinyTeX/texmf-dist/tex/generic/bigintcalc/bigintcal
c.sty
Package: bigintcalc 2019/12/15 v1.5 Expandable calculations on big integers (HO
)
))
\Fld@menulength=\count273
\Field@Width=\dimen151
\Fld@charsize=\dimen152
Package hyperref Info: Hyper figures OFF on input line 6075.
Package hyperref Info: Link nesting OFF on input line 6080.
Package hyperref Info: Hyper index ON on input line 6083.
Package hyperref Info: backreferencing OFF on input line 6090.
Package hyperref Info: Link coloring OFF on input line 6095.
Package hyperref Info: Link coloring with OCG OFF on input line 6100.
Package hyperref Info: PDF/A mode OFF on input line 6105.
LaTeX Info: Redefining \ref on input line 6145.
LaTeX Info: Redefining \pageref on input line 6149.
(c:/Users/j/AppData/Roaming/TinyTeX/texmf-dist/tex/latex/base/atbegshi-ltx.sty
Package: atbegshi-ltx 2020/08/17 v1.0a Emulation of the original atbegshi packa
ge
with kernel methods
)
\Hy@abspage=\count274
\c@Item=\count275
\c@Hfootnote=\count276
)
Package hyperref Info: Driver (autodetected): hpdftex.
(c:/Users/j/AppData/Roaming/TinyTeX/texmf-dist/tex/latex/hyperref/hpdftex.def
File: hpdftex.def 2021-02-27 v7.00k Hyperref driver for pdfTeX

(c:/Users/j/AppData/Roaming/TinyTeX/texmf-dist/tex/latex/base/atveryend-ltx.sty
Package: atveryend-ltx 2020/08/19 v1.0a Emulation of the original atvery packag
e
with kernel methods
)
\Fld@listcount=\count277
\c@bookmark@seq@number=\count278

(c:/Users/j/AppData/Roaming/TinyTeX/texmf-dist/tex/latex/rerunfilecheck/rerunfi
lecheck.sty
Package: rerunfilecheck 2019/12/05 v1.9 Rerun checks for auxiliary files (HO)

(c:/Users/j/AppData/Roaming/TinyTeX/texmf-dist/tex/generic/uniquecounter/unique
counter.sty
Package: uniquecounter 2019/12/15 v1.4 Provide unlimited unique counter (HO)
)
Package uniquecounter Info: New unique counter `rerunfilecheck' on input line 2
86.
)
\Hy@SectionHShift=\skip53
) (c:/Users/j/AppData/Roaming/TinyTeX/texmf-dist/tex/latex/geometry/geometry.st
y
Package: geometry 2020/01/02 v5.9 Page Geometry
(c:/Users/j/AppData/Roaming/TinyTeX/texmf-dist/tex/generic/iftex/ifvtex.sty
Package: ifvtex 2019/10/25 v1.7 ifvtex legacy package. Use iftex instead.
)
\Gm@cnth=\count279
\Gm@cntv=\count280
\c@Gm@tempcnt=\count281
\Gm@bindingoffset=\dimen153
\Gm@wd@mp=\dimen154
\Gm@odd@mp=\dimen155
\Gm@even@mp=\dimen156
\Gm@layoutwidth=\dimen157
\Gm@layoutheight=\dimen158
\Gm@layouthoffset=\dimen159
\Gm@layoutvoffset=\dimen160
\Gm@dimlist=\toks25
) (c:/Users/j/AppData/Roaming/TinyTeX/texmf-dist/tex/latex/graphics/graphicx.st
y
Package: graphicx 2020/09/09 v1.2b Enhanced LaTeX Graphics (DPC,SPQR)
(c:/Users/j/AppData/Roaming/TinyTeX/texmf-dist/tex/latex/graphics/graphics.sty
Package: graphics 2020/08/30 v1.4c Standard LaTeX Graphics (DPC,SPQR)
(c:/Users/j/AppData/Roaming/TinyTeX/texmf-dist/tex/latex/graphics/trig.sty
Package: trig 2016/01/03 v1.10 sin cos tan (DPC)
)
(c:/Users/j/AppData/Roaming/TinyTeX/texmf-dist/tex/latex/graphics-cfg/graphics.
cfg
File: graphics.cfg 2016/06/04 v1.11 sample graphics configuration
)
Package graphics Info: Driver file: pdftex.def on input line 105.
)
\Gin@req@height=\dimen161
\Gin@req@width=\dimen162
) (c:/Users/j/AppData/Roaming/TinyTeX/texmf-dist/tex/latex/grffile/grffile.sty
Package: grffile 2019/11/11 v2.1 Extended file name support for graphics (legac
y)
Package grffile Info: This package is an empty stub for compatibility on input 
line 40.
) (c:/Users/j/AppData/Roaming/TinyTeX/texmf-dist/tex/latex/tools/longtable.sty
Package: longtable 2020/01/07 v4.13 Multi-page Table package (DPC)
\LTleft=\skip54
\LTright=\skip55
\LTpre=\skip56
\LTpost=\skip57
\LTchunksize=\count282
\LTcapwidth=\dimen163
\LT@head=\box49
\LT@firsthead=\box50
\LT@foot=\box51
\LT@lastfoot=\box52
\LT@cols=\count283
\LT@rows=\count284
\c@LT@tables=\count285
\c@LT@chunks=\count286
\LT@p@ftn=\toks26
)
(c:/Users/j/AppData/Roaming/TinyTeX/texmf-dist/tex/latex/l3packages/xparse/xpar
se.sty (c:/Users/j/AppData/Roaming/TinyTeX/texmf-dist/tex/latex/l3kernel/expl3.
sty
Package: expl3 2021-05-27 L3 programming layer (loader) 

(c:/Users/j/AppData/Roaming/TinyTeX/texmf-dist/tex/latex/l3backend/l3backend-pd
ftex.def
File: l3backend-pdftex.def 2021-05-07 L3 backend support: PDF output (pdfTeX)
\l__color_backend_stack_int=\count287
\l__pdf_internal_box=\box53
))
(c:/Users/j/AppData/Roaming/TinyTeX/texmf-dist/tex/latex/l3packages/xparse/xpar
se-2020-10-01.sty
(c:/Users/j/AppData/Roaming/TinyTeX/texmf-dist/tex/latex/l3packages/xparse/xpar
se-generic.tex))) (c:/Users/j/AppData/Roaming/TinyTeX/texmf-dist/tex/latex/mult
irow/multirow.sty
Package: multirow 2021/03/15 v2.8 Span multiple rows of a table
\multirow@colwidth=\skip58
\multirow@cntb=\count288
\multirow@dima=\skip59
\bigstrutjot=\dimen164
)
(c:/Users/j/AppData/Roaming/TinyTeX/texmf-dist/tex/latex/caption/subcaption.sty
Package: subcaption 2020/10/07 v1.3j Sub-captions (AR)
(c:/Users/j/AppData/Roaming/TinyTeX/texmf-dist/tex/latex/caption/caption.sty
Package: caption 2020/10/26 v3.5g Customizing captions (AR)
(c:/Users/j/AppData/Roaming/TinyTeX/texmf-dist/tex/latex/caption/caption3.sty
Package: caption3 2020/10/21 v2.2e caption3 kernel (AR)
\captionmargin=\dimen165
\captionmargin@=\dimen166
\captionwidth=\dimen167
\caption@tempdima=\dimen168
\caption@indent=\dimen169
\caption@parindent=\dimen170
\caption@hangindent=\dimen171
Package caption Info: Standard document class detected.
)
\c@caption@flags=\count289
\c@continuedfloat=\count290
Package caption Info: hyperref package is loaded.
Package caption Info: longtable package is loaded.
(c:/Users/j/AppData/Roaming/TinyTeX/texmf-dist/tex/latex/caption/ltcaption.sty
Package: ltcaption 2020/05/30 v1.4b longtable captions (AR)
))
\c@subfigure=\count291
\c@subtable=\count292
) (./compualgo.aux

LaTeX Warning: Label `hex1' multiply defined.

)
\openout1 = `compualgo.aux'.

LaTeX Font Info:    Checking defaults for OML/cmm/m/it on input line 72.
LaTeX Font Info:    ... okay on input line 72.
LaTeX Font Info:    Checking defaults for OMS/cmsy/m/n on input line 72.
LaTeX Font Info:    ... okay on input line 72.
LaTeX Font Info:    Checking defaults for OT1/cmr/m/n on input line 72.
LaTeX Font Info:    ... okay on input line 72.
LaTeX Font Info:    Checking defaults for T1/cmr/m/n on input line 72.
LaTeX Font Info:    ... okay on input line 72.
LaTeX Font Info:    Checking defaults for TS1/cmr/m/n on input line 72.
LaTeX Font Info:    ... okay on input line 72.
LaTeX Font Info:    Checking defaults for OMX/cmex/m/n on input line 72.
LaTeX Font Info:    ... okay on input line 72.
LaTeX Font Info:    Checking defaults for U/cmr/m/n on input line 72.
LaTeX Font Info:    ... okay on input line 72.
LaTeX Font Info:    Checking defaults for PD1/pdf/m/n on input line 72.
LaTeX Font Info:    ... okay on input line 72.
LaTeX Font Info:    Checking defaults for PU/pdf/m/n on input line 72.
LaTeX Font Info:    ... okay on input line 72.
LaTeX Info: Redefining \microtypecontext on input line 72.
Package microtype Info: Generating PDF output.
Package microtype Info: Character protrusion enabled (level 2).
Package microtype Info: Using protrusion set `basicmath'.
Package microtype Info: Automatic font expansion enabled (level 2),
(microtype)             stretch: 20, shrink: 20, step: 1, non-selected.
Package microtype Info: Using default expansion set `alltext-nott'.
LaTeX Info: Redefining \showhyphens on input line 72.
Package microtype Info: No adjustment of tracking.
Package microtype Info: No adjustment of interword spacing.
Package microtype Info: No adjustment of character kerning.
(c:/Users/j/AppData/Roaming/TinyTeX/texmf-dist/tex/latex/microtype/mt-cmr.cfg
File: mt-cmr.cfg 2013/05/19 v2.2 microtype config. file: Computer Modern Roman 
(RS)
)
(c:/Users/j/AppData/Roaming/TinyTeX/texmf-dist/tex/latex/epstopdf-pkg/epstopdf-
base.sty
Package: epstopdf-base 2020-01-24 v2.11 Base part for package epstopdf
Package epstopdf-base Info: Redefining graphics rule for `.eps' on input line 4
85.

(c:/Users/j/AppData/Roaming/TinyTeX/texmf-dist/tex/latex/latexconfig/epstopdf-s
ys.cfg
File: epstopdf-sys.cfg 2010/07/13 v1.3 Configuration of (r)epstopdf for TeX Liv
e
))
Package hyperref Info: Link coloring OFF on input line 72.
(c:/Users/j/AppData/Roaming/TinyTeX/texmf-dist/tex/latex/hyperref/nameref.sty
Package: nameref 2021-04-02 v2.47 Cross-referencing by name of section
(c:/Users/j/AppData/Roaming/TinyTeX/texmf-dist/tex/latex/refcount/refcount.sty
Package: refcount 2019/12/15 v3.6 Data extraction from label references (HO)
)
(c:/Users/j/AppData/Roaming/TinyTeX/texmf-dist/tex/generic/gettitlestring/getti
tlestring.sty
Package: gettitlestring 2019/12/15 v1.6 Cleanup title references (HO)
)
\c@section@level=\count293
)
LaTeX Info: Redefining \ref on input line 72.
LaTeX Info: Redefining \pageref on input line 72.
LaTeX Info: Redefining \nameref on input line 72.
(./compualgo.out) (./compualgo.out)
\@outlinefile=\write3
\openout3 = `compualgo.out'.

*geometry* driver: auto-detecting
*geometry* detected driver: pdftex
*geometry* verbose mode - [ preamble ] result:
* driver: pdftex
* paper: <default>
* layout: <same size as paper>
* layoutoffset:(h,v)=(0.0pt,0.0pt)
* modes: 
* h-part:(L,W,R)=(72.26999pt, 469.75502pt, 72.26999pt)
* v-part:(T,H,B)=(72.26999pt, 650.43001pt, 72.26999pt)
* \paperwidth=614.295pt
* \paperheight=794.96999pt
* \textwidth=469.75502pt
* \textheight=650.43001pt
* \oddsidemargin=0.0pt
* \evensidemargin=0.0pt
* \topmargin=-37.0pt
* \headheight=12.0pt
* \headsep=25.0pt
* \topskip=10.0pt
* \footskip=30.0pt
* \marginparwidth=65.0pt
* \marginparsep=11.0pt
* \columnsep=10.0pt
* \skip\footins=9.0pt plus 4.0pt minus 2.0pt
* \hoffset=0.0pt
* \voffset=0.0pt
* \mag=1000
* \@twocolumnfalse
* \@twosidefalse
* \@mparswitchfalse
* \@reversemarginfalse
* (1in=72.27pt=25.4mm, 1cm=28.453pt)

Package caption Info: Begin \AtBeginDocument code.
Package caption Info: End \AtBeginDocument code.
LaTeX Font Info:    Trying to load font information for OT1+lmr on input line 7
4.
(c:/Users/j/AppData/Roaming/TinyTeX/texmf-dist/tex/latex/lm/ot1lmr.fd
File: ot1lmr.fd 2015/05/01 v1.6.1 Font defs for Latin Modern
)
LaTeX Font Info:    Trying to load font information for OML+lmm on input line 7
4.
(c:/Users/j/AppData/Roaming/TinyTeX/texmf-dist/tex/latex/lm/omllmm.fd
File: omllmm.fd 2015/05/01 v1.6.1 Font defs for Latin Modern
)
LaTeX Font Info:    Trying to load font information for OMS+lmsy on input line 
74.
(c:/Users/j/AppData/Roaming/TinyTeX/texmf-dist/tex/latex/lm/omslmsy.fd
File: omslmsy.fd 2015/05/01 v1.6.1 Font defs for Latin Modern
)
LaTeX Font Info:    Trying to load font information for OMX+lmex on input line 
74.
(c:/Users/j/AppData/Roaming/TinyTeX/texmf-dist/tex/latex/lm/omxlmex.fd
File: omxlmex.fd 2015/05/01 v1.6.1 Font defs for Latin Modern
)
LaTeX Font Info:    External font `lmex10' loaded for size
(Font)              <12> on input line 74.
LaTeX Font Info:    External font `lmex10' loaded for size
(Font)              <8> on input line 74.
LaTeX Font Info:    External font `lmex10' loaded for size
(Font)              <6> on input line 74.
LaTeX Font Info:    Trying to load font information for U+msa on input line 74.

(c:/Users/j/AppData/Roaming/TinyTeX/texmf-dist/tex/latex/amsfonts/umsa.fd
File: umsa.fd 2013/01/14 v3.01 AMS symbols A
) (c:/Users/j/AppData/Roaming/TinyTeX/texmf-dist/tex/latex/microtype/mt-msa.cfg
File: mt-msa.cfg 2006/02/04 v1.1 microtype config. file: AMS symbols (a) (RS)
)
LaTeX Font Info:    Trying to load font information for U+msb on input line 74.

(c:/Users/j/AppData/Roaming/TinyTeX/texmf-dist/tex/latex/amsfonts/umsb.fd
File: umsb.fd 2013/01/14 v3.01 AMS symbols B
) (c:/Users/j/AppData/Roaming/TinyTeX/texmf-dist/tex/latex/microtype/mt-msb.cfg
File: mt-msb.cfg 2005/06/01 v1.0 microtype config. file: AMS symbols (b) (RS)
)
LaTeX Font Info:    External font `lmex10' loaded for size
(Font)              <9> on input line 93.
LaTeX Font Info:    External font `lmex10' loaded for size
(Font)              <5> on input line 93.
[1

{c:/Users/j/AppData/Roaming/TinyTeX/texmf-var/fonts/map/pdftex/updmap/pdftex.ma
p}]
<C:/Users/j/Desktop/Final Research/Second_paper_new/Figures/plot1.png, id=68, 4
43.40656pt x 307.90031pt>
File: C:/Users/j/Desktop/Final Research/Second_paper_new/Figures/plot1.png Grap
hic file (type png)
<use C:/Users/j/Desktop/Final Research/Second_paper_new/Figures/plot1.png>
Package pdftex.def Info: C:/Users/j/Desktop/Final Research/Second_paper_new/Fig
ures/plot1.png  used on input line 172.
(pdftex.def)             Requested size: 187.90063pt x 130.47769pt.
<C:/Users/j/Desktop/Final Research/Second_paper_new/Figures/plot2.png, id=72, 4
43.40656pt x 307.90031pt>
File: C:/Users/j/Desktop/Final Research/Second_paper_new/Figures/plot2.png Grap
hic file (type png)
<use C:/Users/j/Desktop/Final Research/Second_paper_new/Figures/plot2.png>
Package pdftex.def Info: C:/Users/j/Desktop/Final Research/Second_paper_new/Fig
ures/plot2.png  used on input line 189.
(pdftex.def)             Requested size: 187.90063pt x 130.47769pt.
<C:/Users/j/Desktop/Final Research/Second_paper_new/Figures/plott2.png, id=74, 
443.40656pt x 307.90031pt>
File: C:/Users/j/Desktop/Final Research/Second_paper_new/Figures/plott2.png Gra
phic file (type png)
<use C:/Users/j/Desktop/Final Research/Second_paper_new/Figures/plott2.png>
Package pdftex.def Info: C:/Users/j/Desktop/Final Research/Second_paper_new/Fig
ures/plott2.png  used on input line 203.
(pdftex.def)             Requested size: 187.90063pt x 130.47769pt.
<C:/Users/j/Desktop/Final Research/Second_paper_new/Figures/plot3.png, id=76, 4
43.40656pt x 307.90031pt>
File: C:/Users/j/Desktop/Final Research/Second_paper_new/Figures/plot3.png Grap
hic file (type png)
<use C:/Users/j/Desktop/Final Research/Second_paper_new/Figures/plot3.png>
Package pdftex.def Info: C:/Users/j/Desktop/Final Research/Second_paper_new/Fig
ures/plot3.png  used on input line 217.
(pdftex.def)             Requested size: 187.90063pt x 130.47769pt.
[2 <c:/Users/j/Desktop/Final Research/Second_paper_new/Figures/plot1.png> <c:/U
sers/j/Desktop/Final Research/Second_paper_new/Figures/plot2.png>] [3 <c:/Users
/j/Desktop/Final Research/Second_paper_new/Figures/plott2.png> <c:/Users/j/Desk
top/Final Research/Second_paper_new/Figures/plot3.png>]
<C:/Users/j/Desktop/Final Research/Second_paper_new/Figures/methodology.png, id
=94, 718.18312pt x 82.05656pt>
File: C:/Users/j/Desktop/Final Research/Second_paper_new/Figures/methodology.pn
g Graphic file (type png)
<use C:/Users/j/Desktop/Final Research/Second_paper_new/Figures/methodology.png
>
Package pdftex.def Info: C:/Users/j/Desktop/Final Research/Second_paper_new/Fig
ures/methodology.png  used on input line 332.
(pdftex.def)             Requested size: 328.83405pt x 37.57117pt.
[4]
<C:/Users/j/Desktop/Final Research/Second_paper_new/Figures/Overview_new1.png, 
id=105, 580.41844pt x 441.90094pt>
File: C:/Users/j/Desktop/Final Research/Second_paper_new/Figures/Overview_new1.
png Graphic file (type png)
<use C:/Users/j/Desktop/Final Research/Second_paper_new/Figures/Overview_new1.p
ng>
Package pdftex.def Info: C:/Users/j/Desktop/Final Research/Second_paper_new/Fig
ures/Overview_new1.png  used on input line 351.
(pdftex.def)             Requested size: 422.78087pt x 321.88374pt.
LaTeX Font Info:    External font `lmex10' loaded for size
(Font)              <10> on input line 371.
LaTeX Font Info:    External font `lmex10' loaded for size
(Font)              <7> on input line 371.

LaTeX Warning: `h' float specifier changed to `ht'.

[5 <c:/Users/j/Desktop/Final Research/Second_paper_new/Figures/methodology.png>
 <c:/Users/j/Desktop/Final Research/Second_paper_new/Figures/Overview_new1.png>
]
LaTeX Font Info:    Trying to load font information for TS1+lmr on input line 4
22.
(c:/Users/j/AppData/Roaming/TinyTeX/texmf-dist/tex/latex/lm/ts1lmr.fd
File: ts1lmr.fd 2015/05/01 v1.6.1 Font defs for Latin Modern
)
<C:/Users/j/Desktop/Final Research/Second_paper_new/Figures/sticker1.png, id=12
0, 519.9425pt x 602.25pt>
File: C:/Users/j/Desktop/Final Research/Second_paper_new/Figures/sticker1.png G
raphic file (type png)
<use C:/Users/j/Desktop/Final Research/Second_paper_new/Figures/sticker1.png>
Package pdftex.def Info: C:/Users/j/Desktop/Final Research/Second_paper_new/Fig
ures/sticker1.png  used on input line 434.
(pdftex.def)             Requested size: 70.45895pt x 81.61269pt.
[6 <c:/Users/j/Desktop/Final Research/Second_paper_new/Figures/sticker1.png>]
<C:/Users/j/Desktop/Final Research/Second_paper_new/Figures/datasets.png, id=13
4, 550.30594pt x 383.93437pt>
File: C:/Users/j/Desktop/Final Research/Second_paper_new/Figures/datasets.png G
raphic file (type png)
<use C:/Users/j/Desktop/Final Research/Second_paper_new/Figures/datasets.png>
Package pdftex.def Info: C:/Users/j/Desktop/Final Research/Second_paper_new/Fig
ures/datasets.png  used on input line 500.
(pdftex.def)             Requested size: 328.8342pt x 229.41919pt.
<C:/Users/j/Desktop/Final Research/Second_paper_new/Figures/actual_image_collec
tion_process.png, id=136, 859.71187pt x 203.25937pt>
File: C:/Users/j/Desktop/Final Research/Second_paper_new/Figures/actual_image_c
ollection_process.png Graphic file (type png)
<use C:/Users/j/Desktop/Final Research/Second_paper_new/Figures/actual_image_co
llection_process.png>
Package pdftex.def Info: C:/Users/j/Desktop/Final Research/Second_paper_new/Fig
ures/actual_image_collection_process.png  used on input line 511.
(pdftex.def)             Requested size: 375.80818pt x 88.8513pt.
[7 <c:/Users/j/Desktop/Final Research/Second_paper_new/Figures/datasets.png>]
<C:/Users/j/Desktop/Final Research/Second_paper_new/Figures/ex2.png, id=148, 35
9.84438pt x 243.91125pt>
File: C:/Users/j/Desktop/Final Research/Second_paper_new/Figures/ex2.png Graphi
c file (type png)
<use C:/Users/j/Desktop/Final Research/Second_paper_new/Figures/ex2.png>
Package pdftex.def Info: C:/Users/j/Desktop/Final Research/Second_paper_new/Fig
ures/ex2.png  used on input line 558.
(pdftex.def)             Requested size: 234.8844pt x 159.21034pt.
<C:/Users/j/Desktop/Final Research/Second_paper_new/Figures/sticker.png, id=150
, 519.9425pt x 602.25pt>
File: C:/Users/j/Desktop/Final Research/Second_paper_new/Figures/sticker.png Gr
aphic file (type png)
<use C:/Users/j/Desktop/Final Research/Second_paper_new/Figures/sticker.png>
Package pdftex.def Info: C:/Users/j/Desktop/Final Research/Second_paper_new/Fig
ures/sticker.png  used on input line 579.
(pdftex.def)             Requested size: 70.45895pt x 81.61269pt.
[8 <c:/Users/j/Desktop/Final Research/Second_paper_new/Figures/actual_image_col
lection_process.png> <c:/Users/j/Desktop/Final Research/Second_paper_new/Figure
s/ex2.png>]
<C:/Users/j/Desktop/Final Research/Second_paper_new/Figures/image_processing.pn
g, id=160, 754.31813pt x 194.97844pt>
File: C:/Users/j/Desktop/Final Research/Second_paper_new/Figures/image_processi
ng.png Graphic file (type png)
<use C:/Users/j/Desktop/Final Research/Second_paper_new/Figures/image_processin
g.png>
Package pdftex.def Info: C:/Users/j/Desktop/Final Research/Second_paper_new/Fig
ures/image_processing.png  used on input line 611.
(pdftex.def)             Requested size: 328.82785pt x 84.99641pt.
<C:/Users/j/Desktop/Final Research/Second_paper_new/Figures/rst.png, id=161, 29
7.36093pt x 130.23656pt>
File: C:/Users/j/Desktop/Final Research/Second_paper_new/Figures/rst.png Graphi
c file (type png)
<use C:/Users/j/Desktop/Final Research/Second_paper_new/Figures/rst.png>
Package pdftex.def Info: C:/Users/j/Desktop/Final Research/Second_paper_new/Fig
ures/rst.png  used on input line 627.
(pdftex.def)             Requested size: 234.87625pt x 102.86984pt.
[9 <c:/Users/j/Desktop/Final Research/Second_paper_new/Figures/sticker.png> <c:
/Users/j/Desktop/Final Research/Second_paper_new/Figures/image_processing.png> 
<c:/Users/j/Desktop/Final Research/Second_paper_new/Figures/rst.png>]
Overfull \hbox (8.51994pt too wide) in paragraph at lines 659--659
[]|[]| 
 []


Overfull \hbox (3.81653pt too wide) in paragraph at lines 659--659
[]|\T1/lmr/m/n/10 (-20) Feature| 
 []


Underfull \hbox (badness 10000) in paragraph at lines 659--659
[]|\T1/lmr/m/n/10 (+20) Feature
 []


Overfull \hbox (6.89693pt too wide) in paragraph at lines 659--659
[]|\T1/lmr/m/n/10 (-20) Range| 
 []


Overfull \hbox (5.46773pt too wide) in paragraph at lines 659--659
[]|\T1/lmr/m/n/10 (-20) Software| 
 []


Overfull \hbox (9.07487pt too wide) in paragraph at lines 659--659
[]|[]| 
 []


Overfull \hbox (45.11938pt too wide) in alignment at lines 657--660
 [] [] [] [] [] [] [] [] [] 
 []


Overfull \hbox (8.51994pt too wide) in paragraph at lines 665--665
[]|[]| 
 []


Overfull \hbox (3.81653pt too wide) in paragraph at lines 665--665
[]|\T1/lmr/m/n/10 (-20) Feature| 
 []


Underfull \hbox (badness 10000) in paragraph at lines 665--665
[]|\T1/lmr/m/n/10 (+20) Feature
 []


Overfull \hbox (6.89693pt too wide) in paragraph at lines 665--665
[]|\T1/lmr/m/n/10 (-20) Range| 
 []


Overfull \hbox (5.46773pt too wide) in paragraph at lines 665--665
[]|\T1/lmr/m/n/10 (-20) Software| 
 []


Overfull \hbox (9.07487pt too wide) in paragraph at lines 665--665
[]|[]| 
 []


Overfull \hbox (45.11938pt too wide) in alignment at lines 660--666
 [] [] [] [] [] [] [] [] [] 
 []


Overfull \hbox (45.11938pt too wide) in alignment at lines 666--669
 [] [] [] [] [] [] [] [] [] 
 []


Overfull \hbox (45.11938pt too wide) in alignment at lines 669--671
 [] [] [] [] [] [] [] [] [] 
 []


Overfull \hbox (1.15816pt too wide) in paragraph at lines 673--673
[]|[]| 
 []

<./Figures/diameter.png, id=175, 50.43843pt x 126.4725pt>
File: ./Figures/diameter.png Graphic file (type png)
<use ./Figures/diameter.png>
Package pdftex.def Info: ./Figures/diameter.png  used on input line 673.
(pdftex.def)             Requested size: 17.02107pt x 42.67972pt.

Overfull \hbox (3.14977pt too wide) in paragraph at lines 673--673
[]|\T1/lmr/m/n/10 (-20) [0,$\OMS/lmsy/m/n/10 1$\T1/lmr/m/n/10 (-20) ]| 
 []


Overfull \hbox (0.78528pt too wide) in paragraph at lines 673--673
[]|[]| 
 []


Overfull \hbox (31.88023pt too wide) in paragraph at lines 673--674
[]|[]| 
 []


Overfull \hbox (13.03928pt too wide) in paragraph at lines 674--674
[]|\T1/lmr/m/n/10 (-20) Physiological
 []

<./Figures/Length_new.png, id=176, 50.43843pt x 126.4725pt>
File: ./Figures/Length_new.png Graphic file (type png)
<use ./Figures/Length_new.png>
Package pdftex.def Info: ./Figures/Length_new.png  used on input line 674.
(pdftex.def)             Requested size: 17.02107pt x 42.67972pt.

Overfull \hbox (3.14977pt too wide) in paragraph at lines 674--674
[]|\T1/lmr/m/n/10 (-20) [0,$\OMS/lmsy/m/n/10 1$\T1/lmr/m/n/10 (-20) ]| 
 []


Overfull \hbox (9.11942pt too wide) in paragraph at lines 674--675
[]|\T1/lmr/m/n/10 (-20) OpenCV| 
 []


Overfull \hbox (13.03928pt too wide) in paragraph at lines 675--675
[]|\T1/lmr/m/n/10 (-20) Physiological
 []

<./Figures/width.png, id=177, 45.16875pt x 112.92188pt>
File: ./Figures/width.png Graphic file (type png)
<use ./Figures/width.png>
Package pdftex.def Info: ./Figures/width.png  used on input line 675.
(pdftex.def)             Requested size: 17.07193pt x 42.67986pt.

Overfull \hbox (3.14977pt too wide) in paragraph at lines 675--675
[]|\T1/lmr/m/n/10 (-20) [0,$\OMS/lmsy/m/n/10 1$\T1/lmr/m/n/10 (-20) ]| 
 []


Overfull \hbox (9.11942pt too wide) in paragraph at lines 675--676
[]|\T1/lmr/m/n/10 (-20) OpenCV| 
 []

<./Figures/area.png, id=178, 52.69687pt x 115.18031pt>
File: ./Figures/area.png Graphic file (type png)
<use ./Figures/area.png>
Package pdftex.def Info: ./Figures/area.png  used on input line 676.
(pdftex.def)             Requested size: 19.52567pt x 42.67755pt.

Overfull \hbox (3.14977pt too wide) in paragraph at lines 676--676
[]|\T1/lmr/m/n/10 (-20) [0,$\OMS/lmsy/m/n/10 1$\T1/lmr/m/n/10 (-20) ]| 
 []


Overfull \hbox (9.11942pt too wide) in paragraph at lines 676--677
[]|\T1/lmr/m/n/10 (-20) OpenCV| 
 []

<./Figures/perimeter.png, id=179, 49.68562pt x 115.18031pt>
File: ./Figures/perimeter.png Graphic file (type png)
<use ./Figures/perimeter.png>
Package pdftex.def Info: ./Figures/perimeter.png  used on input line 677.
(pdftex.def)             Requested size: 18.40993pt x 42.67755pt.

Overfull \hbox (3.14977pt too wide) in paragraph at lines 677--677
[]|\T1/lmr/m/n/10 (-20) [0,$\OMS/lmsy/m/n/10 1$\T1/lmr/m/n/10 (-20) ]| 
 []


Overfull \hbox (9.11942pt too wide) in paragraph at lines 677--678
[]|\T1/lmr/m/n/10 (-20) OpenCV| 
 []


Overfull \hbox (8.37918pt too wide) in paragraph at lines 678--678
[]|\T1/lmr/m/n/10 (-20) Eccentricity| 
 []


Overfull \hbox (9.11942pt too wide) in paragraph at lines 678--679
[]|\T1/lmr/m/n/10 (-20) OpenCV| 
 []


Overfull \hbox (3.18211pt too wide) in paragraph at lines 679--679
[]|[]| 
 []

<./Figures/centroid.png, id=180, 59.47218pt x 115.93312pt>
File: ./Figures/centroid.png Graphic file (type png)
<use ./Figures/centroid.png>
Package pdftex.def Info: ./Figures/centroid.png  used on input line 679.
(pdftex.def)             Requested size: 21.89365pt x 42.67876pt.

Overfull \hbox (30.65146pt too wide) in paragraph at lines 679--680
[]|\T1/lmr/m/n/10 (-20) scipy.ndimage| 
 []

<./Figures/AR.png, id=181, 55.70813pt x 118.94438pt>
File: ./Figures/AR.png Graphic file (type png)
<use ./Figures/AR.png>
Package pdftex.def Info: ./Figures/AR.png  used on input line 680.
(pdftex.def)             Requested size: 19.9886pt x 42.67836pt.

Overfull \hbox (3.14977pt too wide) in paragraph at lines 680--680
[]|\T1/lmr/m/n/10 (-20) [0,$\OMS/lmsy/m/n/10 1$\T1/lmr/m/n/10 (-20) ]| 
 []


Overfull \hbox (9.23735pt too wide) in paragraph at lines 681--681
[]|[]| 
 []

<./Figures/roudness.png, id=182, 115.18031pt x 140.77594pt>
File: ./Figures/roudness.png Graphic file (type png)
<use ./Figures/roudness.png>
Package pdftex.def Info: ./Figures/roudness.png  used on input line 681.
(pdftex.def)             Requested size: 28.45229pt x 34.77501pt.

Overfull \hbox (3.14977pt too wide) in paragraph at lines 681--681
[]|\T1/lmr/m/n/10 (-20) [0,$\OMS/lmsy/m/n/10 1$\T1/lmr/m/n/10 (-20) ]| 
 []


Overfull \hbox (0.66359pt too wide) in paragraph at lines 681--682
[]|\T1/lmr/m/n/10 (-20) numpy| 
 []


Overfull \hbox (13.5072pt too wide) in paragraph at lines 682--682
[]|\T1/lmr/m/n/10 (-20) Compactness| 
 []

<./Figures/rect.png, id=183, 54.2025pt x 117.43875pt>
File: ./Figures/rect.png Graphic file (type png)
<use ./Figures/rect.png>
Package pdftex.def Info: ./Figures/rect.png  used on input line 682.
(pdftex.def)             Requested size: 19.69814pt x 42.6793pt.

Overfull \hbox (3.14977pt too wide) in paragraph at lines 682--682
[]|\T1/lmr/m/n/10 (-20) [0,$\OMS/lmsy/m/n/10 1$\T1/lmr/m/n/10 (-20) ]| 
 []


Overfull \hbox (20.63448pt too wide) in paragraph at lines 683--683
[]|\T1/lmr/m/n/10 (-20) Rectangularity| 
 []


Overfull \hbox (3.14977pt too wide) in paragraph at lines 683--683
[]|\T1/lmr/m/n/10 (-20) [0,$\OMS/lmsy/m/n/10 1$\T1/lmr/m/n/10 (-20) ]| 
 []

<./Figures/nf.png, id=184, 48.93282pt x 117.43875pt>
File: ./Figures/nf.png Graphic file (type png)
<use ./Figures/nf.png>
Package pdftex.def Info: ./Figures/nf.png  used on input line 684.
(pdftex.def)             Requested size: 17.78304pt x 42.6793pt.

Overfull \hbox (3.14977pt too wide) in paragraph at lines 684--684
[]|\T1/lmr/m/n/10 (-20) [0,$\OMS/lmsy/m/n/10 1$\T1/lmr/m/n/10 (-20) ]| 
 []

<./Figures/pd.png, id=185, 53.44969pt x 127.22531pt>
File: ./Figures/pd.png Graphic file (type png)
<use ./Figures/pd.png>
Package pdftex.def Info: ./Figures/pd.png  used on input line 685.
(pdftex.def)             Requested size: 17.93042pt x 42.67946pt.

Overfull \hbox (3.14977pt too wide) in paragraph at lines 685--685
[]|\T1/lmr/m/n/10 (-20) [0,$\OMS/lmsy/m/n/10 1$\T1/lmr/m/n/10 (-20) ]| 
 []


Overfull \hbox (12.9321pt too wide) in paragraph at lines 686--686
[]|[]| 
 []

<./Figures/pl.png, id=186, 53.44969pt x 127.22531pt>
File: ./Figures/pl.png Graphic file (type png)
<use ./Figures/pl.png>
Package pdftex.def Info: ./Figures/pl.png  used on input line 686.
(pdftex.def)             Requested size: 17.93042pt x 42.67946pt.

Overfull \hbox (3.14977pt too wide) in paragraph at lines 686--686
[]|\T1/lmr/m/n/10 (-20) [0,$\OMS/lmsy/m/n/10 1$\T1/lmr/m/n/10 (-20) ]| 
 []


Overfull \hbox (12.9321pt too wide) in paragraph at lines 687--687
[]|[]| 
 []

<./Figures/plw.png, id=187, 55.70813pt x 127.22531pt>
File: ./Figures/plw.png Graphic file (type png)
<use ./Figures/plw.png>
Package pdftex.def Info: ./Figures/plw.png  used on input line 687.
(pdftex.def)             Requested size: 18.68803pt x 42.67946pt.

Overfull \hbox (3.14977pt too wide) in paragraph at lines 687--687
[]|\T1/lmr/m/n/10 (-20) [0,$\OMS/lmsy/m/n/10 1$\T1/lmr/m/n/10 (-20) ]| 
 []

<./Figures/p_con.png, id=188, 99.37125pt x 133.24782pt>
File: ./Figures/p_con.png Graphic file (type png)
<use ./Figures/p_con.png>
Package pdftex.def Info: ./Figures/p_con.png  used on input line 688.
(pdftex.def)             Requested size: 28.453pt x 38.15291pt.

Overfull \hbox (3.14977pt too wide) in paragraph at lines 688--688
[]|\T1/lmr/m/n/10 (-20) [0,$\OMS/lmsy/m/n/10 1$\T1/lmr/m/n/10 (-20) ]| 
 []


Overfull \hbox (9.11942pt too wide) in paragraph at lines 688--689
[]|\T1/lmr/m/n/10 (-20) OpenCV| 
 []

<./Figures/a_c1.png, id=189, 70.01157pt x 131.74219pt>
File: ./Figures/a_c1.png Graphic file (type png)
<use ./Figures/a_c1.png>
Package pdftex.def Info: ./Figures/a_c1.png  used on input line 689.
(pdftex.def)             Requested size: 22.68083pt x 42.679pt.

Overfull \hbox (3.14977pt too wide) in paragraph at lines 689--689
[]|\T1/lmr/m/n/10 (-20) [0,$\OMS/lmsy/m/n/10 1$\T1/lmr/m/n/10 (-20) ]| 
 []


Overfull \hbox (9.11942pt too wide) in paragraph at lines 689--690
[]|\T1/lmr/m/n/10 (-20) OpenCV| 
 []


Overfull \hbox (9.82158pt too wide) in paragraph at lines 690--690
[]|[]| 
 []

<./Figures/a_c2.png, id=190, 96.36pt x 130.23656pt>
File: ./Figures/a_c2.png Graphic file (type png)
<use ./Figures/a_c2.png>
Package pdftex.def Info: ./Figures/a_c2.png  used on input line 690.
(pdftex.def)             Requested size: 28.45241pt x 38.45522pt.

Overfull \hbox (3.14977pt too wide) in paragraph at lines 690--690
[]|\T1/lmr/m/n/10 (-20) [0,$\OMS/lmsy/m/n/10 1$\T1/lmr/m/n/10 (-20) ]| 
 []


Overfull \hbox (9.11942pt too wide) in paragraph at lines 690--691
[]|\T1/lmr/m/n/10 (-20) OpenCV| 
 []


Overfull \hbox (3.84903pt too wide) in paragraph at lines 691--691
[]|[]| 
 []

<./Figures/eq_d.png, id=191, 112.16907pt x 136.25906pt>
File: ./Figures/eq_d.png Graphic file (type png)
<use ./Figures/eq_d.png>
Package pdftex.def Info: ./Figures/eq_d.png  used on input line 691.
(pdftex.def)             Requested size: 28.45125pt x 34.56158pt.

Overfull \hbox (3.14977pt too wide) in paragraph at lines 691--691
[]|\T1/lmr/m/n/10 (-20) [0,$\OMS/lmsy/m/n/10 1$\T1/lmr/m/n/10 (-20) ]| 
 []


Overfull \hbox (0.66359pt too wide) in paragraph at lines 691--692
[]|\T1/lmr/m/n/10 (-20) numpy| 
 []


Overfull \hbox (16.82137pt too wide) in paragraph at lines 692--692
[]|[]| 
 []

<./Figures/convex.png, id=192, 56.46094pt x 126.4725pt>
File: ./Figures/convex.png Graphic file (type png)
<use ./Figures/convex.png>
Package pdftex.def Info: ./Figures/convex.png  used on input line 692.
(pdftex.def)             Requested size: 19.05344pt x 42.67972pt.

Overfull \hbox (3.14977pt too wide) in paragraph at lines 692--692
[]|\T1/lmr/m/n/10 (-20) [0,$\OMS/lmsy/m/n/10 1$\T1/lmr/m/n/10 (-20) ]| 
 []


Overfull \hbox (9.11942pt too wide) in paragraph at lines 692--693
[]|\T1/lmr/m/n/10 (-20) OpenCV| 
 []


Overfull \hbox (45.11938pt too wide) in alignment at lines 671--693
 [] [] [] [] [] [] [] [] [] 
 []


Overfull \hbox (5.46408pt too wide) in paragraph at lines 693--693
[]|[]| 
 []


Overfull \hbox (3.14977pt too wide) in paragraph at lines 693--693
[]|\T1/lmr/m/n/10 (-20) [0,$\OMS/lmsy/m/n/10 1$\T1/lmr/m/n/10 (-20) ]| 
 []


Overfull \hbox (0.78528pt too wide) in paragraph at lines 693--693
[]|[]| 
 []


Overfull \hbox (8.26924pt too wide) in paragraph at lines 693--694
[]|[]| 
 []


Underfull \hbox (badness 10000) in paragraph at lines 694--694
[]|\T1/lmr/m/n/10 (+20) [-
 []


Overfull \hbox (5.83072pt too wide) in paragraph at lines 695--695
[]|\T1/lmr/m/n/10 (-20) Correlation| 
 []


Overfull \hbox (5.82755pt too wide) in paragraph at lines 695--695
[]|\T1/lmr/m/n/10 (-20) [$\OMS/lmsy/m/n/10 ^^@\OT1/lmr/m/n/10 (-20) 1$\T1/lmr/m
/n/10 (-20) ,1]| 
 []


Overfull \hbox (3.14977pt too wide) in paragraph at lines 696--696
[]|\T1/lmr/m/n/10 (-20) [0,$\OMS/lmsy/m/n/10 1$\T1/lmr/m/n/10 (-20) ]| 
 []


Overfull \hbox (20.71033pt too wide) in paragraph at lines 697--697
[]|[]| 
 []


Overfull \hbox (9.76385pt too wide) in paragraph at lines 697--697
[]|$\OML/lmm/m/it/10 F[] \OT1/lmr/m/n/10 (-20) = []$| 
 []


Overfull \hbox (3.14977pt too wide) in paragraph at lines 697--697
[]|\T1/lmr/m/n/10 (-20) [0,$\OMS/lmsy/m/n/10 1$\T1/lmr/m/n/10 (-20) ]| 
 []


Overfull \hbox (0.78528pt too wide) in paragraph at lines 697--697
[]|[]| 
 []


Overfull \hbox (1.26915pt too wide) in paragraph at lines 697--698
[]|[]| 
 []


Overfull \hbox (20.71033pt too wide) in paragraph at lines 698--698
[]|[]| 
 []


Overfull \hbox (9.76385pt too wide) in paragraph at lines 698--698
[]|$\OML/lmm/m/it/10 F[] \OT1/lmr/m/n/10 (-20) = []$| 
 []


Overfull \hbox (3.14977pt too wide) in paragraph at lines 698--698
[]|\T1/lmr/m/n/10 (-20) [0,$\OMS/lmsy/m/n/10 1$\T1/lmr/m/n/10 (-20) ]| 
 []


Overfull \hbox (20.71033pt too wide) in paragraph at lines 699--699
[]|[]| 
 []


Overfull \hbox (9.76385pt too wide) in paragraph at lines 699--699
[]|$\OML/lmm/m/it/10 F[] \OT1/lmr/m/n/10 (-20) = []$| 
 []


Overfull \hbox (3.14977pt too wide) in paragraph at lines 699--699
[]|\T1/lmr/m/n/10 (-20) [0,$\OMS/lmsy/m/n/10 1$\T1/lmr/m/n/10 (-20) ]| 
 []


Overfull \hbox (20.71033pt too wide) in paragraph at lines 699--699
[]|[]| 
 []


Overfull \hbox (2.3888pt too wide) in paragraph at lines 699--699
\T1/lmr/m/n/10 (-20) channel 
 []


Overfull \hbox (6.4237pt too wide) in paragraph at lines 699--699
\T1/lmr/m/n/10 (-20) intensity 
 []


Overfull \hbox (3.14977pt too wide) in paragraph at lines 699--699
[]|\T1/lmr/m/n/10 (-20) [0,$\OMS/lmsy/m/n/10 1$\T1/lmr/m/n/10 (-20) ]| 
 []


Overfull \hbox (20.71033pt too wide) in paragraph at lines 700--700
[]|[]| 
 []


Overfull \hbox (2.3888pt too wide) in paragraph at lines 700--700
\T1/lmr/m/n/10 (-20) channel 
 []


Overfull \hbox (6.4237pt too wide) in paragraph at lines 700--700
\T1/lmr/m/n/10 (-20) intensity 
 []


Overfull \hbox (3.14977pt too wide) in paragraph at lines 700--700
[]|\T1/lmr/m/n/10 (-20) [0,$\OMS/lmsy/m/n/10 1$\T1/lmr/m/n/10 (-20) ]| 
 []


Overfull \hbox (20.71033pt too wide) in paragraph at lines 701--701
[]|[]| 
 []


Overfull \hbox (2.3888pt too wide) in paragraph at lines 701--701
\T1/lmr/m/n/10 (-20) channel 
 []


Overfull \hbox (6.4237pt too wide) in paragraph at lines 701--701
\T1/lmr/m/n/10 (-20) intensity 
 []


Overfull \hbox (3.14977pt too wide) in paragraph at lines 701--701
[]|\T1/lmr/m/n/10 (-20) [0,$\OMS/lmsy/m/n/10 1$\T1/lmr/m/n/10 (-20) ]| 
 []


Overfull \hbox (1.15816pt too wide) in paragraph at lines 703--703
[]|[]| 
 []


Overfull \hbox (21.103pt too wide) in paragraph at lines 703--703
[]|[]| 
 []


Underfull \hbox (badness 10000) in paragraph at lines 703--703
[]|$\OML/lmm/m/it/10 F[] \OT1/lmr/m/n/10 (+20) =
 []


Overfull \hbox (2.33096pt too wide) in paragraph at lines 703--703
[]$| 
 []


Overfull \hbox (9.43625pt too wide) in paragraph at lines 703--704
[]|[]| 
 []


Overfull \hbox (6.01694pt too wide) in paragraph at lines 705--705
[]|[]| 
 []


Overfull \hbox (34.96204pt too wide) in paragraph at lines 707--707
[]|[]| 
 []


Overfull \hbox (6.01694pt too wide) in paragraph at lines 708--708
[]|[]| 
 []


Overfull \hbox (2.78233pt too wide) in paragraph at lines 711--711
[]|\T1/lmr/m/n/10 (-20) Monotonic| 
 []


Overfull \hbox (45.11938pt too wide) in alignment at lines 693--712
 [] [] [] [] [] [] [] [] [] 
 []

[10 <./Figures/diameter.png> <./Figures/Length_new.png> <./Figures/width.png> <
./Figures/area.png> <./Figures/perimeter.png> <./Figures/centroid.png> <./Figur
es/AR.png>]
Overfull \hbox (28.76416pt too wide) in paragraph at lines 712--712
[]|[]| 
 []


Overfull \hbox (8.27878pt too wide) in paragraph at lines 712--712
[]|$\OML/lmm/m/it/10 F[] \OT1/lmr/m/n/10 (-20) = []$| 
 []


Overfull \hbox (3.14977pt too wide) in paragraph at lines 712--712
[]|\T1/lmr/m/n/10 (-20) [0,$\OMS/lmsy/m/n/10 1$\T1/lmr/m/n/10 (-20) ]| 
 []


Overfull \hbox (30.7089pt too wide) in paragraph at lines 712--712
[]|[]| 
 []


Overfull \hbox (10.22351pt too wide) in paragraph at lines 712--712
[]|$\OML/lmm/m/it/10 F[] \OT1/lmr/m/n/10 (-20) = []$| 
 []


Overfull \hbox (3.14977pt too wide) in paragraph at lines 712--712
[]|\T1/lmr/m/n/10 (-20) [0,$\OMS/lmsy/m/n/10 1$\T1/lmr/m/n/10 (-20) ]| 
 []


Overfull \hbox (32.71004pt too wide) in paragraph at lines 713--713
[]|[]| 
 []


Overfull \hbox (5.82755pt too wide) in paragraph at lines 713--713
[]|\T1/lmr/m/n/10 (-20) [$\OMS/lmsy/m/n/10 ^^@\OT1/lmr/m/n/10 (-20) 1$\T1/lmr/m
/n/10 (-20) ,1]| 
 []


Overfull \hbox (45.11938pt too wide) in alignment at lines 712--716
 [] [] [] [] [] [] [] [] [] 
 []

[11 <./Figures/roudness.png> <./Figures/rect.png> <./Figures/nf.png> <./Figures
/pd.png> <./Figures/pl.png> <./Figures/plw.png> <./Figures/p_con.png> <./Figure
s/a_c1.png> <./Figures/a_c2.png> <./Figures/eq_d.png> <./Figures/convex.png>] [
12]
<./Figures/Ruhuna/plot1.png, id=236, 443.40656pt x 307.90031pt>
File: ./Figures/Ruhuna/plot1.png Graphic file (type png)
<use ./Figures/Ruhuna/plot1.png>
Package pdftex.def Info: ./Figures/Ruhuna/plot1.png  used on input line 751.
(pdftex.def)             Requested size: 310.38248pt x 215.52873pt.

LaTeX Warning: Reference `tab:myruhutable' on page 13 undefined on input line 7
59.


LaTeX Warning: Reference `tab:myruhutable' on page 13 undefined on input line 7
64.


LaTeX Warning: Reference `tab:myruhutable' on page 13 undefined on input line 7
68.

<./Figures/Classification_hierarchy_new.png, id=238, 588.69937pt x 448.67625pt>

File: ./Figures/Classification_hierarchy_new.png Graphic file (type png)
<use ./Figures/Classification_hierarchy_new.png>
Package pdftex.def Info: ./Figures/Classification_hierarchy_new.png  used on in
put line 776.
(pdftex.def)             Requested size: 588.69792pt x 448.67516pt.

LaTeX Warning: `h' float specifier changed to `ht'.

[13 <./Figures/Ruhuna/plot1.png>]
<./Figures/Ruhuna/diagram.png, id=249, 707.64375pt x 429.85594pt>
File: ./Figures/Ruhuna/diagram.png Graphic file (type png)
<use ./Figures/Ruhuna/diagram.png>
Package pdftex.def Info: ./Figures/Ruhuna/diagram.png  used on input line 792.
(pdftex.def)             Requested size: 495.34726pt x 300.89711pt.
[14 <./Figures/Classification_hierarchy_new.png> <./Figures/Ruhuna/diagram.png>
] [15] [16] (./compualgo.aux)

LaTeX Warning: There were undefined references.


LaTeX Warning: There were multiply-defined labels.

Package rerunfilecheck Info: File `compualgo.out' has not changed.
(rerunfilecheck)             Checksum: ACDAA9CEB48AA4F891CD89612A863051;1833.
 ) 
Here is how much of TeX's memory you used:
 13733 strings out of 480714
 223838 string characters out of 5902198
 601788 words of memory out of 5000000
 30655 multiletter control sequences out of 15000+600000
 478467 words of font info for 179 fonts, out of 8000000 for 9000
 14 hyphenation exceptions out of 8191
 67i,19n,77p,2080b,470s stack positions out of 5000i,500n,10000p,200000b,80000s
{c:/Users/j/AppData/Roaming/TinyTeX/texmf-dist/fonts/enc/dvips/lm/lm-ec.enc}{
c:/Users/j/AppData/Roaming/TinyTeX/texmf-dist/fonts/enc/dvips/lm/lm-mathit.enc}
{c:/Users/j/AppData/Roaming/TinyTeX/texmf-dist/fonts/enc/dvips/lm/lm-mathsy.enc
}{c:/Users/j/AppData/Roaming/TinyTeX/texmf-dist/fonts/enc/dvips/lm/lm-rm.enc}{c
:/Users/j/AppData/Roaming/TinyTeX/texmf-dist/fonts/enc/dvips/lm/lm-mathex.enc}{
c:/Users/j/AppData/Roaming/TinyTeX/texmf-dist/fonts/enc/dvips/lm/lm-ts1.enc}<c:
/Users/j/AppData/Roaming/TinyTeX/texmf-dist/fonts/type1/public/lm/lmbx10.pfb><c
:/Users/j/AppData/Roaming/TinyTeX/texmf-dist/fonts/type1/public/lm/lmbx12.pfb><
c:/Users/j/AppData/Roaming/TinyTeX/texmf-dist/fonts/type1/public/lm/lmbx9.pfb><
c:/Users/j/AppData/Roaming/TinyTeX/texmf-dist/fonts/type1/public/lm/lmex10.pfb>
<c:/Users/j/AppData/Roaming/TinyTeX/texmf-dist/fonts/type1/public/lm/lmmi10.pfb
><c:/Users/j/AppData/Roaming/TinyTeX/texmf-dist/fonts/type1/public/lm/lmmi5.pfb
><c:/Users/j/AppData/Roaming/TinyTeX/texmf-dist/fonts/type1/public/lm/lmmi7.pfb
><c:/Users/j/AppData/Roaming/TinyTeX/texmf-dist/fonts/type1/public/lm/lmr10.pfb
><c:/Users/j/AppData/Roaming/TinyTeX/texmf-dist/fonts/type1/public/lm/lmr17.pfb
><c:/Users/j/AppData/Roaming/TinyTeX/texmf-dist/fonts/type1/public/lm/lmr5.pfb>
<c:/Users/j/AppData/Roaming/TinyTeX/texmf-dist/fonts/type1/public/lm/lmr7.pfb><
c:/Users/j/AppData/Roaming/TinyTeX/texmf-dist/fonts/type1/public/lm/lmr9.pfb><c
:/Users/j/AppData/Roaming/TinyTeX/texmf-dist/fonts/type1/public/lm/lmri10.pfb><
c:/Users/j/AppData/Roaming/TinyTeX/texmf-dist/fonts/type1/public/lm/lmsy10.pfb>
<c:/Users/j/AppData/Roaming/TinyTeX/texmf-dist/fonts/type1/public/lm/lmsy7.pfb>
Output written on compualgo.pdf (16 pages, 1400487 bytes).
PDF statistics:
 368 PDF objects out of 1000 (max. 8388607)
 264 compressed objects within 3 object streams
 74 named destinations out of 1000 (max. 500000)
 41235 words of extra memory for PDF output out of 42996 (max. 10000000)

